<?xml version="1.0" encoding="utf-8"?><testsuites><testsuite name="pytest" errors="0" failures="0" skipped="0" tests="18" time="0.817" timestamp="2024-05-06T09:56:12.175573" hostname="K207.local"><testcase classname="tests.unit.test_alcampo" name="test_scrap_image" time="0.001" /><testcase classname="tests.unit.test_alcampo" name="test_get_driver_production" time="0.002" /><testcase classname="tests.unit.test_alcampo" name="test_get_driver_headless_option" time="0.002" /><testcase classname="tests.unit.test_alcampo" name="test_get_driver_service_path[local-None]" time="0.013" /><testcase classname="tests.unit.test_alcampo" name="test_get_driver_service_path[dev-/opt/chromedriver]" time="0.001" /><testcase classname="tests.unit.test_alcampo" name="test_generate_urls[names0-http://example.com/{name}-expected0]" time="0.000" /><testcase classname="tests.unit.test_alcampo" name="test_generate_urls[names1-http://example.com/{name}-expected1]" time="0.000" /><testcase classname="tests.unit.test_alcampo" name="test_save_new_product_to_nonexistent_file" time="0.006" /><testcase classname="tests.unit.test_alcampo" name="test_scrap_alcampo_image_success" time="0.002" /><testcase classname="tests.unit.test_alcampo" name="test_scrap_alcampo_image_no_image_found" time="0.001" /><testcase classname="tests.unit.test_alcampo" name="test_scrap_alcampo_image_specific_product" time="0.001" /><testcase classname="tests.unit.test_alcampo" name="test_scrape_product_details" time="0.002" /><testcase classname="tests.unit.test_alcampo" name="test_scrap_product_by_category_success" time="0.001" /><testcase classname="tests.unit.test_alcampo" name="test_scrap_product_by_category_exception" time="0.004" /><testcase classname="tests.unit.test_alcampo" name="test_scrap_product_by_category_no_products" time="0.001" /><testcase classname="tests.unit.test_alcampo" name="test_timeit_decorator" time="0.106" /><testcase classname="tests.unit.test_alcampo" name="test_lambda_handler" time="0.001" /><testcase classname="tests.unit.test_app" name="test_lambda_handler" time="0.000" /></testsuite></testsuites>